{
  "RSpec": {
    "coverage": {
      "/Users/melissapereira/Projects/makersbnb/spec/database_connection_spec.rb": {
        "lines": [
          1,
          null,
          1,
          1,
          1,
          1,
          null,
          1,
          null,
          null,
          1,
          null,
          1,
          null,
          1,
          null,
          null,
          null,
          null,
          1,
          1,
          1,
          null,
          1,
          1,
          null,
          1,
          1,
          null,
          null,
          null,
          null
        ]
      },
      "/Users/melissapereira/Projects/makersbnb/spec/features/all_property_spec.rb": {
        "lines": [
          1,
          1,
          1,
          1,
          1,
          1,
          1,
          1,
          1,
          null,
          null
        ]
      },
      "/Users/melissapereira/Projects/makersbnb/spec/features/create_property_spec.rb": {
        "lines": [

        ]
      },
      "/Users/melissapereira/Projects/makersbnb/spec/unit/property_spec.rb": {
        "lines": [
          1,
          null,
          1,
          null,
          null,
          null,
          null,
          1,
          1,
          1,
          1,
          1,
          1,
          1,
          1,
          1,
          null,
          null,
          null,
          1,
          1,
          1,
          1,
          1,
          null,
          1,
          null,
          1,
          1,
          1,
          1,
          1,
          null,
          null,
          null
        ]
      },
      "/Users/melissapereira/Projects/makersbnb/lib/property.rb": {
        "lines": [
          1,
          null,
          1,
          null,
          1,
          null,
          null,
          1,
          13,
          13,
          13,
          13,
          null,
          null,
          1,
          7,
          7,
          null,
          null,
          1,
          2,
          2,
          6,
          null,
          null,
          null,
          null
        ]
      }
    },
    "timestamp": 1606229863
  }
}
